[ STARTUP ] Real baileys-mod version loaded: 6.8.5

[ ENV CHECK ] Se detectaron posibles problemas de configuración:
  ⚠️  REACT_STATUS no está definida. Se usará un set de emojis por defecto.

Failed to fetch data: The "path" argument must be of type string or an instance of Buffer or URL. Received undefined
Failed to save data: The "path" argument must be of type string or an instance of Buffer or URL. Received undefined
Failed to save data: The "path" argument must be of type string or an instance of Buffer or URL. Received undefined
[ DATABASE ] Database fully initialized and loaded.
[ MACHINE ] SKIP_WA is true. Skipping WhatsApp connection logic for local development.

[35m[ ADMIN PANEL ] Web interface listening on port 3012[0m

[ INDEX ] Bot process exited with code null, signal SIGKILL.
[ INDEX ] Unexpected exit. Restarting bot in 1.5 seconds...
[ STARTUP ] Real baileys-mod version loaded: 6.8.5

[ ENV CHECK ] Se detectaron posibles problemas de configuración:
  ⚠️  REACT_STATUS no está definida. Se usará un set de emojis por defecto.

Failed to fetch data: The "path" argument must be of type string or an instance of Buffer or URL. Received undefined
Failed to save data: The "path" argument must be of type string or an instance of Buffer or URL. Received undefined
Failed to save data: The "path" argument must be of type string or an instance of Buffer or URL. Received undefined
[ DATABASE ] Database fully initialized and loaded.
[ MACHINE ] SKIP_WA is true. Skipping WhatsApp connection logic for local development.

[35m[ ADMIN PANEL ] Web interface listening on port 3012[0m
